Using pre-set license
Built from '2020.3/staging' branch; Version is '2020.3.0f1 (c7b5465681fb) revision 13088070'; Using compiler version '192528614'; Build Type 'Release'
OS: 'Windows 10 Home; OS build 19042.867; Version 2009; 64bit' Language: 'pt' Physical Memory: 32617 MB
BatchMode: 1, IsHumanControllingUs: 0, StartBugReporterOnCrash: 0, Is64bit: 1, IsPro: 0

 COMMAND LINE ARGUMENTS:
C:\Program Files\Unity\Hub\Editor\2020.3.0f1\Editor\Unity.exe
-adb2
-batchMode
-noUpm
-name
AssetImportWorker0
-projectPath
C:/Users/hugor/spaceNave
-logFile
Logs/AssetImportWorker0.log
-srvPort
57546
Successfully changed project path to: C:/Users/hugor/spaceNave
C:/Users/hugor/spaceNave
Using Asset Import Pipeline V2.
Refreshing native plugins compatible for Editor in 37.03 ms, found 1 plugins.
Preloading 0 native plugins for Editor in 0.00 ms.
Initialize engine version: 2020.3.0f1 (c7b5465681fb)
[Subsystems] Discovering subsystems at path C:/Program Files/Unity/Hub/Editor/2020.3.0f1/Editor/Data/Resources/UnitySubsystems
[Subsystems] Discovering subsystems at path C:/Users/hugor/spaceNave/Assets
GfxDevice: creating device client; threaded=0
Direct3D:
    Version:  Direct3D 11.0 [level 11.1]
    Renderer: NVIDIA GeForce RTX 2070 (ID=0x1f50)
    Vendor:   
    VRAM:     8031 MB
    Driver:   26.21.14.4614
Initialize mono
Mono path[0] = 'C:/Program Files/Unity/Hub/Editor/2020.3.0f1/Editor/Data/Managed'
Mono path[1] = 'C:/Program Files/Unity/Hub/Editor/2020.3.0f1/Editor/Data/MonoBleedingEdge/lib/mono/unityjit'
Mono config path = 'C:/Program Files/Unity/Hub/Editor/2020.3.0f1/Editor/Data/MonoBleedingEdge/etc'
Using monoOptions --debugger-agent=transport=dt_socket,embedding=1,server=y,suspend=n,address=127.0.0.1:56976
Begin MonoManager ReloadAssembly
Registering precompiled unity dll's ...
Register platform support module: C:/Program Files/Unity/Hub/Editor/2020.3.0f1/Editor/Data/PlaybackEngines/WebGLSupport/UnityEditor.WebGL.Extensions.dll
Register platform support module: C:/Program Files/Unity/Hub/Editor/2020.3.0f1/Editor/Data/PlaybackEngines/WindowsStandaloneSupport/UnityEditor.WindowsStandalone.Extensions.dll
Registered in 0.004811 seconds.
Native extension for WindowsStandalone target not found
Native extension for WebGL target not found
Refreshing native plugins compatible for Editor in 68.16 ms, found 1 plugins.
Preloading 0 native plugins for Editor in 0.00 ms.
Invoked RoslynAnalysisRunner static constructor.
RoslynAnalysisRunner will not be running.
RoslynAnalysisRunner has terminated.
Mono: successfully reloaded assembly
- Completed reload, in  1.768 seconds
Platform modules already initialized, skipping
Registering precompiled user dll's ...
Registered in 0.001679 seconds.
Begin MonoManager ReloadAssembly
Native extension for WindowsStandalone target not found
Native extension for WebGL target not found
Refreshing native plugins compatible for Editor in 46.62 ms, found 1 plugins.
Preloading 0 native plugins for Editor in 0.00 ms.
Invoked RoslynAnalysisRunner static constructor.
RoslynAnalysisRunner will not be running.
RoslynAnalysisRunner has terminated.
Mono: successfully reloaded assembly
- Completed reload, in  1.260 seconds
Platform modules already initialized, skipping
========================================================================
Worker process is ready to serve import requests
Launched and connected shader compiler UnityShaderCompiler.exe after 0.10 seconds
Refreshing native plugins compatible for Editor in 0.69 ms, found 1 plugins.
Preloading 0 native plugins for Editor in 0.00 ms.
Unloading 1819 Unused Serialized files (Serialized files now loaded: 0)
System memory in use before: 155.9 MB.
System memory in use after: 156.0 MB.

Unloading 21 unused Assets to reduce memory usage. Loaded Objects now: 2268.
Total: 5.648600 ms (FindLiveObjects: 1.502000 ms CreateObjectMapping: 0.465800 ms MarkObjects: 3.547000 ms  DeleteObjects: 0.119400 ms)

========================================================================
Received Import Request.
  path: Assets/Scripts/Estado.cs
  artifactKey: Guid(57703a3747787c8419e17d0d7e6c340e) Importer(815301076,1909f56bfc062723c751e8b465ee728b)
Start importing Assets/Scripts/Estado.cs using Guid(57703a3747787c8419e17d0d7e6c340e) Importer(815301076,1909f56bfc062723c751e8b465ee728b)  -> (artifact id: '4c7f806abd31d921a5c2c6b3086d5b96') in 0.041785 seconds
  Import took 0.046401 seconds .

========================================================================
Received Import Request.
  Time since last request: 0.000398 seconds.
  path: Assets/Scripts/Player.cs
  artifactKey: Guid(b705873fc6de7bc49b4fd21417caaaae) Importer(815301076,1909f56bfc062723c751e8b465ee728b)
Start importing Assets/Scripts/Player.cs using Guid(b705873fc6de7bc49b4fd21417caaaae) Importer(815301076,1909f56bfc062723c751e8b465ee728b)  -> (artifact id: 'b0a21f9393f2262dd017b2a57646e4b0') in 0.010056 seconds
  Import took 0.016058 seconds .

========================================================================
Received Import Request.
  Time since last request: 0.000377 seconds.
  path: Assets/Scripts/Asteroide.cs
  artifactKey: Guid(8a9302b5a92760e429cbc0499f1927cb) Importer(815301076,1909f56bfc062723c751e8b465ee728b)
Start importing Assets/Scripts/Asteroide.cs using Guid(8a9302b5a92760e429cbc0499f1927cb) Importer(815301076,1909f56bfc062723c751e8b465ee728b)  -> (artifact id: '4d21d66c1003ac8526db4c813bbbcbe2') in 0.014331 seconds
  Import took 0.019794 seconds .

========================================================================
Received Import Request.
  Time since last request: 0.000296 seconds.
  path: Assets/Scripts/Bar.cs
  artifactKey: Guid(ddf64b462f75c4a4584311acbd9f388e) Importer(815301076,1909f56bfc062723c751e8b465ee728b)
Start importing Assets/Scripts/Bar.cs using Guid(ddf64b462f75c4a4584311acbd9f388e) Importer(815301076,1909f56bfc062723c751e8b465ee728b)  -> (artifact id: '090efc8f05d50762d1c30d9065641682') in 0.015372 seconds
  Import took 0.019784 seconds .

========================================================================
Received Import Request.
  Time since last request: 76.944767 seconds.
  path: Assets/Material/Estrelas.mat
  artifactKey: Guid(7f5c99c457758f14cb59e127c8cae9b4) Importer(815301076,1909f56bfc062723c751e8b465ee728b)
Start importing Assets/Material/Estrelas.mat using Guid(7f5c99c457758f14cb59e127c8cae9b4) Importer(815301076,1909f56bfc062723c751e8b465ee728b)  -> (artifact id: 'd7a29167e83b8e4e8dc93fec26dc3faa') in 0.180419 seconds
  Import took 0.185087 seconds .

========================================================================
Received Prepare
Registering precompiled user dll's ...
Registered in 0.001534 seconds.
Begin MonoManager ReloadAssembly
Native extension for WindowsStandalone target not found
Native extension for WebGL target not found
Refreshing native plugins compatible for Editor in 0.59 ms, found 1 plugins.
Preloading 0 native plugins for Editor in 0.00 ms.
Invoked RoslynAnalysisRunner static constructor.
RoslynAnalysisRunner will not be running.
RoslynAnalysisRunner has terminated.
Mono: successfully reloaded assembly
- Completed reload, in  0.887 seconds
Platform modules already initialized, skipping
Refreshing native plugins compatible for Editor in 0.37 ms, found 1 plugins.
Preloading 0 native plugins for Editor in 0.00 ms.
Unloading 1811 Unused Serialized files (Serialized files now loaded: 0)
System memory in use before: 159.0 MB.
System memory in use after: 159.0 MB.

Unloading 9 unused Assets to reduce memory usage. Loaded Objects now: 2312.
Total: 2.383100 ms (FindLiveObjects: 0.230300 ms CreateObjectMapping: 0.106400 ms MarkObjects: 1.954900 ms  DeleteObjects: 0.090100 ms)

AssetImportWorkerClient::OnTransportError - code=2 error=End of file
